<?xml version="1.0"?>
<!DOCTYPE coverage SYSTEM "http://cobertura.sourceforge.net/xml/coverage-04.dtd">

<coverage line-rate="0.5934782608695652" branch-rate="0.7407407407407407" lines-covered="273" lines-valid="460" branches-covered="40" branches-valid="54" complexity="0.0" version="1.9.4.1" timestamp="1404549427938">
	<sources>
		<source>./src</source>
	</sources>
	<packages>
		<package name="com.trailblazers.freewheelers" line-rate="0.0" branch-rate="1.0" complexity="0.0">
			<classes>
				<class name="com.trailblazers.freewheelers.FreeWheelersServer" filename="com/trailblazers/freewheelers/FreeWheelersServer.java" line-rate="0.0" branch-rate="1.0" complexity="0.0">
					<methods>
						<method name="&lt;init&gt;" signature="()V" line-rate="0.0" branch-rate="1.0">
							<lines>
								<line number="13" hits="0" branch="false"/>
								<line number="14" hits="0" branch="false"/>
								<line number="15" hits="0" branch="false"/>
								<line number="16" hits="0" branch="false"/>
							</lines>
						</method>
						<method name="handlers" signature="()Lorg/eclipse/jetty/server/Handler;" line-rate="0.0" branch-rate="1.0">
							<lines>
								<line number="24" hits="0" branch="false"/>
								<line number="25" hits="0" branch="false"/>
								<line number="27" hits="0" branch="false"/>
								<line number="28" hits="0" branch="false"/>
								<line number="30" hits="0" branch="false"/>
							</lines>
						</method>
						<method name="main" signature="([Ljava/lang/String;)V" line-rate="0.0" branch-rate="1.0">
							<lines>
								<line number="41" hits="0" branch="false"/>
								<line number="42" hits="0" branch="false"/>
							</lines>
						</method>
						<method name="start" signature="()V" line-rate="0.0" branch-rate="1.0">
							<lines>
								<line number="19" hits="0" branch="false"/>
								<line number="20" hits="0" branch="false"/>
								<line number="21" hits="0" branch="false"/>
							</lines>
						</method>
						<method name="webAppHandler" signature="()Lorg/eclipse/jetty/server/Handler;" line-rate="0.0" branch-rate="1.0">
							<lines>
								<line number="34" hits="0" branch="false"/>
								<line number="35" hits="0" branch="false"/>
								<line number="37" hits="0" branch="false"/>
							</lines>
						</method>
					</methods>
					<lines>
						<line number="13" hits="0" branch="false"/>
						<line number="14" hits="0" branch="false"/>
						<line number="15" hits="0" branch="false"/>
						<line number="16" hits="0" branch="false"/>
						<line number="19" hits="0" branch="false"/>
						<line number="20" hits="0" branch="false"/>
						<line number="21" hits="0" branch="false"/>
						<line number="24" hits="0" branch="false"/>
						<line number="25" hits="0" branch="false"/>
						<line number="27" hits="0" branch="false"/>
						<line number="28" hits="0" branch="false"/>
						<line number="30" hits="0" branch="false"/>
						<line number="34" hits="0" branch="false"/>
						<line number="35" hits="0" branch="false"/>
						<line number="37" hits="0" branch="false"/>
						<line number="41" hits="0" branch="false"/>
						<line number="42" hits="0" branch="false"/>
					</lines>
				</class>
			</classes>
		</package>
		<package name="com.trailblazers.freewheelers.mappers" line-rate="0.6" branch-rate="1.0" complexity="0.0">
			<classes>
				<class name="com.trailblazers.freewheelers.mappers.AccountMapper" filename="com/trailblazers/freewheelers/mappers/AccountMapper.java" line-rate="1.0" branch-rate="1.0" complexity="0.0">
					<methods>
					</methods>
					<lines>
					</lines>
				</class>
				<class name="com.trailblazers.freewheelers.mappers.AccountRoleMapper" filename="com/trailblazers/freewheelers/mappers/AccountRoleMapper.java" line-rate="1.0" branch-rate="1.0" complexity="0.0">
					<methods>
					</methods>
					<lines>
					</lines>
				</class>
				<class name="com.trailblazers.freewheelers.mappers.ItemMapper" filename="com/trailblazers/freewheelers/mappers/ItemMapper.java" line-rate="1.0" branch-rate="1.0" complexity="0.0">
					<methods>
					</methods>
					<lines>
					</lines>
				</class>
				<class name="com.trailblazers.freewheelers.mappers.MyBatisUtil" filename="com/trailblazers/freewheelers/mappers/MyBatisUtil.java" line-rate="0.6" branch-rate="1.0" complexity="0.0">
					<methods>
						<method name="&lt;clinit&gt;" signature="()V" line-rate="0.7142857142857143" branch-rate="1.0">
							<lines>
								<line number="17" hits="16" branch="false"/>
								<line number="19" hits="16" branch="false"/>
								<line number="20" hits="0" branch="false"/>
								<line number="21" hits="0" branch="false"/>
								<line number="22" hits="16" branch="false"/>
								<line number="23" hits="16" branch="false"/>
								<line number="24" hits="16" branch="false"/>
							</lines>
						</method>
						<method name="&lt;init&gt;" signature="()V" line-rate="0.0" branch-rate="1.0">
							<lines>
								<line number="13" hits="0" branch="false"/>
								<line number="14" hits="0" branch="false"/>
							</lines>
						</method>
						<method name="getSqlSessionFactory" signature="()Lorg/apache/ibatis/session/SqlSessionFactory;" line-rate="1.0" branch-rate="1.0">
							<lines>
								<line number="27" hits="253" branch="false"/>
							</lines>
						</method>
					</methods>
					<lines>
						<line number="13" hits="0" branch="false"/>
						<line number="14" hits="0" branch="false"/>
						<line number="17" hits="16" branch="false"/>
						<line number="19" hits="16" branch="false"/>
						<line number="20" hits="0" branch="false"/>
						<line number="21" hits="0" branch="false"/>
						<line number="22" hits="16" branch="false"/>
						<line number="23" hits="16" branch="false"/>
						<line number="24" hits="16" branch="false"/>
						<line number="27" hits="253" branch="false"/>
					</lines>
				</class>
				<class name="com.trailblazers.freewheelers.mappers.ReserveOrderMapper" filename="com/trailblazers/freewheelers/mappers/ReserveOrderMapper.java" line-rate="1.0" branch-rate="1.0" complexity="0.0">
					<methods>
					</methods>
					<lines>
					</lines>
				</class>
				<class name="com.trailblazers.freewheelers.mappers.SurveyMapper" filename="com/trailblazers/freewheelers/mappers/SurveyMapper.java" line-rate="1.0" branch-rate="1.0" complexity="0.0">
					<methods>
					</methods>
					<lines>
					</lines>
				</class>
			</classes>
		</package>
		<package name="com.trailblazers.freewheelers.model" line-rate="0.9424460431654677" branch-rate="1.0" complexity="0.0">
			<classes>
				<class name="com.trailblazers.freewheelers.model.Account" filename="com/trailblazers/freewheelers/model/Account.java" line-rate="1.0" branch-rate="1.0" complexity="0.0">
					<methods>
						<method name="&lt;init&gt;" signature="()V" line-rate="1.0" branch-rate="1.0">
							<lines>
								<line number="12" hits="262" branch="false"/>
								<line number="13" hits="262" branch="false"/>
								<line number="14" hits="262" branch="false"/>
							</lines>
						</method>
						<method name="getAccount_id" signature="()Ljava/lang/Long;" line-rate="1.0" branch-rate="1.0">
							<lines>
								<line number="17" hits="59" branch="false"/>
							</lines>
						</method>
						<method name="getAccount_name" signature="()Ljava/lang/String;" line-rate="1.0" branch-rate="1.0">
							<lines>
								<line number="21" hits="221" branch="false"/>
							</lines>
						</method>
						<method name="getEmail_address" signature="()Ljava/lang/String;" line-rate="1.0" branch-rate="1.0">
							<lines>
								<line number="58" hits="72" branch="false"/>
							</lines>
						</method>
						<method name="getPassword" signature="()Ljava/lang/String;" line-rate="1.0" branch-rate="1.0">
							<lines>
								<line number="35" hits="148" branch="false"/>
							</lines>
						</method>
						<method name="getPhoneNumber" signature="()Ljava/lang/String;" line-rate="1.0" branch-rate="1.0">
							<lines>
								<line number="67" hits="153" branch="false"/>
							</lines>
						</method>
						<method name="isEnabled" signature="()Z" line-rate="1.0" branch-rate="1.0">
							<lines>
								<line number="44" hits="87" branch="false"/>
							</lines>
						</method>
						<method name="setAccount_id" signature="(Ljava/lang/Long;)Lcom/trailblazers/freewheelers/model/Account;" line-rate="1.0" branch-rate="1.0">
							<lines>
								<line number="30" hits="178" branch="false"/>
								<line number="31" hits="178" branch="false"/>
							</lines>
						</method>
						<method name="setAccount_name" signature="(Ljava/lang/String;)Lcom/trailblazers/freewheelers/model/Account;" line-rate="1.0" branch-rate="1.0">
							<lines>
								<line number="25" hits="258" branch="false"/>
								<line number="26" hits="258" branch="false"/>
							</lines>
						</method>
						<method name="setEmail_address" signature="(Ljava/lang/String;)Lcom/trailblazers/freewheelers/model/Account;" line-rate="1.0" branch-rate="1.0">
							<lines>
								<line number="53" hits="197" branch="false"/>
								<line number="54" hits="197" branch="false"/>
							</lines>
						</method>
						<method name="setEnabled" signature="(Z)Lcom/trailblazers/freewheelers/model/Account;" line-rate="1.0" branch-rate="1.0">
							<lines>
								<line number="48" hits="208" branch="false"/>
								<line number="49" hits="208" branch="false"/>
							</lines>
						</method>
						<method name="setPassword" signature="(Ljava/lang/String;)Lcom/trailblazers/freewheelers/model/Account;" line-rate="1.0" branch-rate="1.0">
							<lines>
								<line number="39" hits="232" branch="false"/>
								<line number="40" hits="232" branch="false"/>
							</lines>
						</method>
						<method name="setPhoneNumber" signature="(Ljava/lang/String;)Lcom/trailblazers/freewheelers/model/Account;" line-rate="1.0" branch-rate="1.0">
							<lines>
								<line number="62" hits="189" branch="false"/>
								<line number="63" hits="189" branch="false"/>
							</lines>
						</method>
					</methods>
					<lines>
						<line number="12" hits="262" branch="false"/>
						<line number="13" hits="262" branch="false"/>
						<line number="14" hits="262" branch="false"/>
						<line number="17" hits="59" branch="false"/>
						<line number="21" hits="221" branch="false"/>
						<line number="25" hits="258" branch="false"/>
						<line number="26" hits="258" branch="false"/>
						<line number="30" hits="178" branch="false"/>
						<line number="31" hits="178" branch="false"/>
						<line number="35" hits="148" branch="false"/>
						<line number="39" hits="232" branch="false"/>
						<line number="40" hits="232" branch="false"/>
						<line number="44" hits="87" branch="false"/>
						<line number="48" hits="208" branch="false"/>
						<line number="49" hits="208" branch="false"/>
						<line number="53" hits="197" branch="false"/>
						<line number="54" hits="197" branch="false"/>
						<line number="58" hits="72" branch="false"/>
						<line number="62" hits="189" branch="false"/>
						<line number="63" hits="189" branch="false"/>
						<line number="67" hits="153" branch="false"/>
					</lines>
				</class>
				<class name="com.trailblazers.freewheelers.model.AccountRole" filename="com/trailblazers/freewheelers/model/AccountRole.java" line-rate="1.0" branch-rate="1.0" complexity="0.0">
					<methods>
						<method name="&lt;init&gt;" signature="()V" line-rate="1.0" branch-rate="1.0">
							<lines>
								<line number="3" hits="52" branch="false"/>
							</lines>
						</method>
						<method name="getAccount_name" signature="()Ljava/lang/String;" line-rate="1.0" branch-rate="1.0">
							<lines>
								<line number="20" hits="46" branch="false"/>
							</lines>
						</method>
						<method name="getRole" signature="()Ljava/lang/String;" line-rate="1.0" branch-rate="1.0">
							<lines>
								<line number="29" hits="46" branch="false"/>
							</lines>
						</method>
						<method name="getRole_id" signature="()Ljava/lang/Long;" line-rate="1.0" branch-rate="1.0">
							<lines>
								<line number="11" hits="5" branch="false"/>
							</lines>
						</method>
						<method name="setAccount_name" signature="(Ljava/lang/String;)Lcom/trailblazers/freewheelers/model/AccountRole;" line-rate="1.0" branch-rate="1.0">
							<lines>
								<line number="24" hits="52" branch="false"/>
								<line number="25" hits="52" branch="false"/>
							</lines>
						</method>
						<method name="setRole" signature="(Ljava/lang/String;)Lcom/trailblazers/freewheelers/model/AccountRole;" line-rate="1.0" branch-rate="1.0">
							<lines>
								<line number="33" hits="52" branch="false"/>
								<line number="34" hits="52" branch="false"/>
							</lines>
						</method>
						<method name="setRole_id" signature="(Ljava/lang/Long;)Lcom/trailblazers/freewheelers/model/AccountRole;" line-rate="1.0" branch-rate="1.0">
							<lines>
								<line number="15" hits="46" branch="false"/>
								<line number="16" hits="46" branch="false"/>
							</lines>
						</method>
					</methods>
					<lines>
						<line number="3" hits="52" branch="false"/>
						<line number="11" hits="5" branch="false"/>
						<line number="15" hits="46" branch="false"/>
						<line number="16" hits="46" branch="false"/>
						<line number="20" hits="46" branch="false"/>
						<line number="24" hits="52" branch="false"/>
						<line number="25" hits="52" branch="false"/>
						<line number="29" hits="46" branch="false"/>
						<line number="33" hits="52" branch="false"/>
						<line number="34" hits="52" branch="false"/>
					</lines>
				</class>
				<class name="com.trailblazers.freewheelers.model.AccountValidation" filename="com/trailblazers/freewheelers/model/AccountValidation.java" line-rate="0.9090909090909091" branch-rate="1.0" complexity="0.0">
					<methods>
						<method name="&lt;init&gt;" signature="()V" line-rate="0.0" branch-rate="1.0">
							<lines>
								<line number="5" hits="0" branch="false"/>
							</lines>
						</method>
						<method name="verifyInputs" signature="(Lcom/trailblazers/freewheelers/model/Account;)Ljava/util/HashMap;" line-rate="1.0" branch-rate="1.0">
							<lines>
								<line number="8" hits="60" branch="false"/>
								<line number="10" hits="60" branch="true" condition-coverage="100% (2/2)">
									<conditions>
										<condition number="0" type="jump" coverage="100%"/>
									</conditions>
								</line>
								<line number="11" hits="12" branch="false"/>
								<line number="14" hits="60" branch="true" condition-coverage="100% (2/2)">
									<conditions>
										<condition number="0" type="jump" coverage="100%"/>
									</conditions>
								</line>
								<line number="15" hits="12" branch="false"/>
								<line number="18" hits="60" branch="true" condition-coverage="100% (2/2)">
									<conditions>
										<condition number="0" type="jump" coverage="100%"/>
									</conditions>
								</line>
								<line number="19" hits="12" branch="false"/>
								<line number="22" hits="60" branch="true" condition-coverage="100% (2/2)">
									<conditions>
										<condition number="0" type="jump" coverage="100%"/>
									</conditions>
								</line>
								<line number="23" hits="12" branch="false"/>
								<line number="26" hits="60" branch="false"/>
							</lines>
						</method>
					</methods>
					<lines>
						<line number="5" hits="0" branch="false"/>
						<line number="8" hits="60" branch="false"/>
						<line number="10" hits="60" branch="true" condition-coverage="100% (2/2)">
							<conditions>
								<condition number="0" type="jump" coverage="100%"/>
							</conditions>
						</line>
						<line number="11" hits="12" branch="false"/>
						<line number="14" hits="60" branch="true" condition-coverage="100% (2/2)">
							<conditions>
								<condition number="0" type="jump" coverage="100%"/>
							</conditions>
						</line>
						<line number="15" hits="12" branch="false"/>
						<line number="18" hits="60" branch="true" condition-coverage="100% (2/2)">
							<conditions>
								<condition number="0" type="jump" coverage="100%"/>
							</conditions>
						</line>
						<line number="19" hits="12" branch="false"/>
						<line number="22" hits="60" branch="true" condition-coverage="100% (2/2)">
							<conditions>
								<condition number="0" type="jump" coverage="100%"/>
							</conditions>
						</line>
						<line number="23" hits="12" branch="false"/>
						<line number="26" hits="60" branch="false"/>
					</lines>
				</class>
				<class name="com.trailblazers.freewheelers.model.Item" filename="com/trailblazers/freewheelers/model/Item.java" line-rate="1.0" branch-rate="1.0" complexity="0.0">
					<methods>
						<method name="&lt;init&gt;" signature="()V" line-rate="1.0" branch-rate="1.0">
							<lines>
								<line number="5" hits="171" branch="false"/>
							</lines>
						</method>
						<method name="getDescription" signature="()Ljava/lang/String;" line-rate="1.0" branch-rate="1.0">
							<lines>
								<line number="36" hits="124" branch="false"/>
							</lines>
						</method>
						<method name="getItemId" signature="()Ljava/lang/Long;" line-rate="1.0" branch-rate="1.0">
							<lines>
								<line number="15" hits="83" branch="false"/>
							</lines>
						</method>
						<method name="getName" signature="()Ljava/lang/String;" line-rate="1.0" branch-rate="1.0">
							<lines>
								<line number="22" hits="134" branch="false"/>
							</lines>
						</method>
						<method name="getPrice" signature="()Ljava/math/BigDecimal;" line-rate="1.0" branch-rate="1.0">
							<lines>
								<line number="29" hits="300" branch="false"/>
							</lines>
						</method>
						<method name="getQuantity" signature="()Ljava/lang/Long;" line-rate="1.0" branch-rate="1.0">
							<lines>
								<line number="50" hits="124" branch="false"/>
							</lines>
						</method>
						<method name="getType" signature="()Lcom/trailblazers/freewheelers/model/ItemType;" line-rate="1.0" branch-rate="1.0">
							<lines>
								<line number="43" hits="124" branch="false"/>
							</lines>
						</method>
						<method name="setDescription" signature="(Ljava/lang/String;)Lcom/trailblazers/freewheelers/model/Item;" line-rate="1.0" branch-rate="1.0">
							<lines>
								<line number="39" hits="147" branch="false"/>
								<line number="40" hits="147" branch="false"/>
							</lines>
						</method>
						<method name="setItemId" signature="(Ljava/lang/Long;)Lcom/trailblazers/freewheelers/model/Item;" line-rate="1.0" branch-rate="1.0">
							<lines>
								<line number="18" hits="98" branch="false"/>
								<line number="19" hits="98" branch="false"/>
							</lines>
						</method>
						<method name="setName" signature="(Ljava/lang/String;)Lcom/trailblazers/freewheelers/model/Item;" line-rate="1.0" branch-rate="1.0">
							<lines>
								<line number="25" hits="157" branch="false"/>
								<line number="26" hits="157" branch="false"/>
							</lines>
						</method>
						<method name="setPrice" signature="(Ljava/math/BigDecimal;)Lcom/trailblazers/freewheelers/model/Item;" line-rate="1.0" branch-rate="1.0">
							<lines>
								<line number="32" hits="169" branch="false"/>
								<line number="33" hits="169" branch="false"/>
							</lines>
						</method>
						<method name="setQuantity" signature="(Ljava/lang/Long;)Lcom/trailblazers/freewheelers/model/Item;" line-rate="1.0" branch-rate="1.0">
							<lines>
								<line number="53" hits="162" branch="false"/>
								<line number="54" hits="162" branch="false"/>
							</lines>
						</method>
						<method name="setType" signature="(Lcom/trailblazers/freewheelers/model/ItemType;)Lcom/trailblazers/freewheelers/model/Item;" line-rate="1.0" branch-rate="1.0">
							<lines>
								<line number="46" hits="147" branch="false"/>
								<line number="47" hits="147" branch="false"/>
							</lines>
						</method>
					</methods>
					<lines>
						<line number="5" hits="171" branch="false"/>
						<line number="15" hits="83" branch="false"/>
						<line number="18" hits="98" branch="false"/>
						<line number="19" hits="98" branch="false"/>
						<line number="22" hits="134" branch="false"/>
						<line number="25" hits="157" branch="false"/>
						<line number="26" hits="157" branch="false"/>
						<line number="29" hits="300" branch="false"/>
						<line number="32" hits="169" branch="false"/>
						<line number="33" hits="169" branch="false"/>
						<line number="36" hits="124" branch="false"/>
						<line number="39" hits="147" branch="false"/>
						<line number="40" hits="147" branch="false"/>
						<line number="43" hits="124" branch="false"/>
						<line number="46" hits="147" branch="false"/>
						<line number="47" hits="147" branch="false"/>
						<line number="50" hits="124" branch="false"/>
						<line number="53" hits="162" branch="false"/>
						<line number="54" hits="162" branch="false"/>
					</lines>
				</class>
				<class name="com.trailblazers.freewheelers.model.ItemType" filename="com/trailblazers/freewheelers/model/ItemType.java" line-rate="0.8571428571428571" branch-rate="1.0" complexity="0.0">
					<methods>
						<method name="&lt;clinit&gt;" signature="()V" line-rate="1.0" branch-rate="1.0">
							<lines>
								<line number="3" hits="56" branch="false"/>
								<line number="4" hits="16" branch="false"/>
								<line number="5" hits="16" branch="false"/>
							</lines>
						</method>
						<method name="&lt;init&gt;" signature="(Ljava/lang/String;ILjava/lang/String;)V" line-rate="1.0" branch-rate="1.0">
							<lines>
								<line number="9" hits="32" branch="false"/>
								<line number="10" hits="32" branch="false"/>
								<line number="11" hits="32" branch="false"/>
							</lines>
						</method>
						<method name="getValue" signature="()Ljava/lang/String;" line-rate="0.0" branch-rate="1.0">
							<lines>
								<line number="14" hits="0" branch="false"/>
							</lines>
						</method>
						<method name="valueOf" signature="(Ljava/lang/String;)Lcom/trailblazers/freewheelers/model/ItemType;" line-rate="1.0" branch-rate="1.0">
							<lines>
							</lines>
						</method>
						<method name="values" signature="()[Lcom/trailblazers/freewheelers/model/ItemType;" line-rate="1.0" branch-rate="1.0">
							<lines>
							</lines>
						</method>
					</methods>
					<lines>
						<line number="3" hits="56" branch="false"/>
						<line number="4" hits="16" branch="false"/>
						<line number="5" hits="16" branch="false"/>
						<line number="9" hits="32" branch="false"/>
						<line number="10" hits="32" branch="false"/>
						<line number="11" hits="32" branch="false"/>
						<line number="14" hits="0" branch="false"/>
					</lines>
				</class>
				<class name="com.trailblazers.freewheelers.model.ItemValidation" filename="com/trailblazers/freewheelers/model/ItemValidation.java" line-rate="1.0" branch-rate="1.0" complexity="0.0">
					<methods>
						<method name="&lt;init&gt;" signature="()V" line-rate="1.0" branch-rate="1.0">
							<lines>
								<line number="8" hits="61" branch="false"/>
							</lines>
						</method>
						<method name="validate" signature="(Lcom/trailblazers/freewheelers/model/Item;)Ljava/util/Map;" line-rate="1.0" branch-rate="1.0">
							<lines>
								<line number="11" hits="61" branch="false"/>
								<line number="13" hits="61" branch="true" condition-coverage="100% (2/2)">
									<conditions>
										<condition number="0" type="jump" coverage="100%"/>
									</conditions>
								</line>
								<line number="14" hits="6" branch="false"/>
								<line number="17" hits="61" branch="true" condition-coverage="100% (2/2)">
									<conditions>
										<condition number="0" type="jump" coverage="100%"/>
									</conditions>
								</line>
								<line number="18" hits="12" branch="false"/>
								<line number="21" hits="61" branch="true" condition-coverage="100% (2/2)">
									<conditions>
										<condition number="0" type="jump" coverage="100%"/>
									</conditions>
								</line>
								<line number="22" hits="6" branch="false"/>
								<line number="25" hits="61" branch="true" condition-coverage="100% (2/2)">
									<conditions>
										<condition number="0" type="jump" coverage="100%"/>
									</conditions>
								</line>
								<line number="26" hits="6" branch="false"/>
								<line number="29" hits="61" branch="true" condition-coverage="100% (2/2)">
									<conditions>
										<condition number="0" type="jump" coverage="100%"/>
									</conditions>
								</line>
								<line number="30" hits="6" branch="false"/>
								<line number="33" hits="61" branch="true" condition-coverage="100% (2/2)">
									<conditions>
										<condition number="0" type="jump" coverage="100%"/>
									</conditions>
								</line>
								<line number="34" hits="12" branch="false"/>
								<line number="37" hits="61" branch="true" condition-coverage="100% (4/4)">
									<conditions>
										<condition number="0" type="jump" coverage="100%"/>
										<condition number="1" type="jump" coverage="100%"/>
									</conditions>
								</line>
								<line number="38" hits="6" branch="false"/>
								<line number="41" hits="61" branch="false"/>
							</lines>
						</method>
					</methods>
					<lines>
						<line number="8" hits="61" branch="false"/>
						<line number="11" hits="61" branch="false"/>
						<line number="13" hits="61" branch="true" condition-coverage="100% (2/2)">
							<conditions>
								<condition number="0" type="jump" coverage="100%"/>
							</conditions>
						</line>
						<line number="14" hits="6" branch="false"/>
						<line number="17" hits="61" branch="true" condition-coverage="100% (2/2)">
							<conditions>
								<condition number="0" type="jump" coverage="100%"/>
							</conditions>
						</line>
						<line number="18" hits="12" branch="false"/>
						<line number="21" hits="61" branch="true" condition-coverage="100% (2/2)">
							<conditions>
								<condition number="0" type="jump" coverage="100%"/>
							</conditions>
						</line>
						<line number="22" hits="6" branch="false"/>
						<line number="25" hits="61" branch="true" condition-coverage="100% (2/2)">
							<conditions>
								<condition number="0" type="jump" coverage="100%"/>
							</conditions>
						</line>
						<line number="26" hits="6" branch="false"/>
						<line number="29" hits="61" branch="true" condition-coverage="100% (2/2)">
							<conditions>
								<condition number="0" type="jump" coverage="100%"/>
							</conditions>
						</line>
						<line number="30" hits="6" branch="false"/>
						<line number="33" hits="61" branch="true" condition-coverage="100% (2/2)">
							<conditions>
								<condition number="0" type="jump" coverage="100%"/>
							</conditions>
						</line>
						<line number="34" hits="12" branch="false"/>
						<line number="37" hits="61" branch="true" condition-coverage="100% (4/4)">
							<conditions>
								<condition number="0" type="jump" coverage="100%"/>
								<condition number="1" type="jump" coverage="100%"/>
							</conditions>
						</line>
						<line number="38" hits="6" branch="false"/>
						<line number="41" hits="61" branch="false"/>
					</lines>
				</class>
				<class name="com.trailblazers.freewheelers.model.NpsReport" filename="com/trailblazers/freewheelers/model/NpsReport.java" line-rate="0.9166666666666666" branch-rate="1.0" complexity="0.0">
					<methods>
						<method name="&lt;init&gt;" signature="(IIII)V" line-rate="1.0" branch-rate="1.0">
							<lines>
								<line number="9" hits="22" branch="false"/>
								<line number="10" hits="22" branch="false"/>
								<line number="11" hits="22" branch="false"/>
								<line number="12" hits="22" branch="false"/>
								<line number="13" hits="22" branch="false"/>
								<line number="14" hits="22" branch="false"/>
							</lines>
						</method>
						<method name="getDetractorsPercentage" signature="()Ljava/lang/Double;" line-rate="1.0" branch-rate="1.0">
							<lines>
								<line number="21" hits="10" branch="false"/>
							</lines>
						</method>
						<method name="getNpsScore" signature="()Ljava/lang/Double;" line-rate="1.0" branch-rate="1.0">
							<lines>
								<line number="29" hits="10" branch="false"/>
							</lines>
						</method>
						<method name="getPassivesPercentage" signature="()Ljava/lang/Double;" line-rate="1.0" branch-rate="1.0">
							<lines>
								<line number="25" hits="10" branch="false"/>
							</lines>
						</method>
						<method name="getPromotersPercentage" signature="()Ljava/lang/Double;" line-rate="1.0" branch-rate="1.0">
							<lines>
								<line number="17" hits="10" branch="false"/>
							</lines>
						</method>
						<method name="getTotal" signature="()I" line-rate="0.0" branch-rate="1.0">
							<lines>
								<line number="33" hits="0" branch="false"/>
							</lines>
						</method>
						<method name="percentageFor" signature="(D)Ljava/lang/Double;" line-rate="1.0" branch-rate="1.0">
							<lines>
								<line number="37" hits="40" branch="true" condition-coverage="100% (2/2)">
									<conditions>
										<condition number="0" type="jump" coverage="100%"/>
									</conditions>
								</line>
							</lines>
						</method>
					</methods>
					<lines>
						<line number="9" hits="22" branch="false"/>
						<line number="10" hits="22" branch="false"/>
						<line number="11" hits="22" branch="false"/>
						<line number="12" hits="22" branch="false"/>
						<line number="13" hits="22" branch="false"/>
						<line number="14" hits="22" branch="false"/>
						<line number="17" hits="10" branch="false"/>
						<line number="21" hits="10" branch="false"/>
						<line number="25" hits="10" branch="false"/>
						<line number="29" hits="10" branch="false"/>
						<line number="33" hits="0" branch="false"/>
						<line number="37" hits="40" branch="true" condition-coverage="100% (2/2)">
							<conditions>
								<condition number="0" type="jump" coverage="100%"/>
							</conditions>
						</line>
					</lines>
				</class>
				<class name="com.trailblazers.freewheelers.model.OrderStatus" filename="com/trailblazers/freewheelers/model/OrderStatus.java" line-rate="1.0" branch-rate="1.0" complexity="0.0">
					<methods>
						<method name="&lt;clinit&gt;" signature="()V" line-rate="1.0" branch-rate="1.0">
							<lines>
								<line number="3" hits="30" branch="false"/>
								<line number="5" hits="5" branch="false"/>
							</lines>
						</method>
						<method name="&lt;init&gt;" signature="(Ljava/lang/String;I)V" line-rate="1.0" branch-rate="1.0">
							<lines>
							</lines>
						</method>
						<method name="valueOf" signature="(Ljava/lang/String;)Lcom/trailblazers/freewheelers/model/OrderStatus;" line-rate="1.0" branch-rate="1.0">
							<lines>
							</lines>
						</method>
						<method name="values" signature="()[Lcom/trailblazers/freewheelers/model/OrderStatus;" line-rate="1.0" branch-rate="1.0">
							<lines>
							</lines>
						</method>
					</methods>
					<lines>
						<line number="3" hits="30" branch="false"/>
						<line number="5" hits="5" branch="false"/>
					</lines>
				</class>
				<class name="com.trailblazers.freewheelers.model.ReserveOrder" filename="com/trailblazers/freewheelers/model/ReserveOrder.java" line-rate="0.8076923076923077" branch-rate="1.0" complexity="0.0">
					<methods>
						<method name="&lt;init&gt;" signature="()V" line-rate="1.0" branch-rate="1.0">
							<lines>
								<line number="14" hits="120" branch="false"/>
							</lines>
						</method>
						<method name="&lt;init&gt;" signature="(Ljava/lang/Long;Ljava/lang/Long;Ljava/util/Date;)V" line-rate="0.2857142857142857" branch-rate="1.0">
							<lines>
								<line number="11" hits="60" branch="false"/>
								<line number="12" hits="60" branch="false"/>
								<line number="16" hits="0" branch="false"/>
								<line number="17" hits="0" branch="false"/>
								<line number="18" hits="0" branch="false"/>
								<line number="19" hits="0" branch="false"/>
								<line number="20" hits="0" branch="false"/>
							</lines>
						</method>
						<method name="getAccount_id" signature="()Ljava/lang/Long;" line-rate="1.0" branch-rate="1.0">
							<lines>
								<line number="49" hits="40" branch="false"/>
							</lines>
						</method>
						<method name="getItem_id" signature="()Ljava/lang/Long;" line-rate="1.0" branch-rate="1.0">
							<lines>
								<line number="23" hits="40" branch="false"/>
							</lines>
						</method>
						<method name="getNote" signature="()Ljava/lang/String;" line-rate="1.0" branch-rate="1.0">
							<lines>
								<line number="71" hits="45" branch="false"/>
							</lines>
						</method>
						<method name="getOrder_id" signature="()Ljava/lang/Long;" line-rate="1.0" branch-rate="1.0">
							<lines>
								<line number="41" hits="25" branch="false"/>
							</lines>
						</method>
						<method name="getReservation_timestamp" signature="()Ljava/util/Date;" line-rate="1.0" branch-rate="1.0">
							<lines>
								<line number="32" hits="40" branch="false"/>
							</lines>
						</method>
						<method name="getStatus" signature="()Lcom/trailblazers/freewheelers/model/OrderStatus;" line-rate="1.0" branch-rate="1.0">
							<lines>
								<line number="58" hits="40" branch="false"/>
							</lines>
						</method>
						<method name="setAccount_id" signature="(Ljava/lang/Long;)Lcom/trailblazers/freewheelers/model/ReserveOrder;" line-rate="1.0" branch-rate="1.0">
							<lines>
								<line number="53" hits="75" branch="false"/>
								<line number="54" hits="75" branch="false"/>
							</lines>
						</method>
						<method name="setItem_id" signature="(Ljava/lang/Long;)Lcom/trailblazers/freewheelers/model/ReserveOrder;" line-rate="1.0" branch-rate="1.0">
							<lines>
								<line number="27" hits="60" branch="false"/>
								<line number="28" hits="60" branch="false"/>
							</lines>
						</method>
						<method name="setNote" signature="(Ljava/lang/String;)Lcom/trailblazers/freewheelers/model/ReserveOrder;" line-rate="1.0" branch-rate="1.0">
							<lines>
								<line number="66" hits="35" branch="false"/>
								<line number="67" hits="35" branch="false"/>
							</lines>
						</method>
						<method name="setOrder_id" signature="(Ljava/lang/Long;)V" line-rate="1.0" branch-rate="1.0">
							<lines>
								<line number="45" hits="60" branch="false"/>
								<line number="46" hits="60" branch="false"/>
							</lines>
						</method>
						<method name="setReservation_timestamp" signature="(Ljava/util/Date;)Lcom/trailblazers/freewheelers/model/ReserveOrder;" line-rate="1.0" branch-rate="1.0">
							<lines>
								<line number="36" hits="60" branch="false"/>
								<line number="37" hits="60" branch="false"/>
							</lines>
						</method>
						<method name="setStatus" signature="(Lcom/trailblazers/freewheelers/model/OrderStatus;)V" line-rate="1.0" branch-rate="1.0">
							<lines>
								<line number="62" hits="25" branch="false"/>
								<line number="63" hits="25" branch="false"/>
							</lines>
						</method>
					</methods>
					<lines>
						<line number="11" hits="60" branch="false"/>
						<line number="12" hits="60" branch="false"/>
						<line number="14" hits="120" branch="false"/>
						<line number="16" hits="0" branch="false"/>
						<line number="17" hits="0" branch="false"/>
						<line number="18" hits="0" branch="false"/>
						<line number="19" hits="0" branch="false"/>
						<line number="20" hits="0" branch="false"/>
						<line number="23" hits="40" branch="false"/>
						<line number="27" hits="60" branch="false"/>
						<line number="28" hits="60" branch="false"/>
						<line number="32" hits="40" branch="false"/>
						<line number="36" hits="60" branch="false"/>
						<line number="37" hits="60" branch="false"/>
						<line number="41" hits="25" branch="false"/>
						<line number="45" hits="60" branch="false"/>
						<line number="46" hits="60" branch="false"/>
						<line number="49" hits="40" branch="false"/>
						<line number="53" hits="75" branch="false"/>
						<line number="54" hits="75" branch="false"/>
						<line number="58" hits="40" branch="false"/>
						<line number="62" hits="25" branch="false"/>
						<line number="63" hits="25" branch="false"/>
						<line number="66" hits="35" branch="false"/>
						<line number="67" hits="35" branch="false"/>
						<line number="71" hits="45" branch="false"/>
					</lines>
				</class>
				<class name="com.trailblazers.freewheelers.model.SurveyComments" filename="com/trailblazers/freewheelers/model/SurveyComments.java" line-rate="1.0" branch-rate="1.0" complexity="0.0">
					<methods>
						<method name="&lt;init&gt;" signature="(Ljava/util/List;Ljava/util/List;Ljava/util/List;)V" line-rate="1.0" branch-rate="1.0">
							<lines>
								<line number="10" hits="12" branch="false"/>
								<line number="11" hits="12" branch="false"/>
								<line number="12" hits="12" branch="false"/>
								<line number="13" hits="12" branch="false"/>
								<line number="14" hits="12" branch="false"/>
							</lines>
						</method>
						<method name="getDetractorComments" signature="()Ljava/util/List;" line-rate="1.0" branch-rate="1.0">
							<lines>
								<line number="21" hits="6" branch="false"/>
							</lines>
						</method>
						<method name="getPassiveComments" signature="()Ljava/util/List;" line-rate="1.0" branch-rate="1.0">
							<lines>
								<line number="25" hits="6" branch="false"/>
							</lines>
						</method>
						<method name="getPromoterComments" signature="()Ljava/util/List;" line-rate="1.0" branch-rate="1.0">
							<lines>
								<line number="17" hits="6" branch="false"/>
							</lines>
						</method>
					</methods>
					<lines>
						<line number="10" hits="12" branch="false"/>
						<line number="11" hits="12" branch="false"/>
						<line number="12" hits="12" branch="false"/>
						<line number="13" hits="12" branch="false"/>
						<line number="14" hits="12" branch="false"/>
						<line number="17" hits="6" branch="false"/>
						<line number="21" hits="6" branch="false"/>
						<line number="25" hits="6" branch="false"/>
					</lines>
				</class>
				<class name="com.trailblazers.freewheelers.model.SurveyEntry" filename="com/trailblazers/freewheelers/model/SurveyEntry.java" line-rate="1.0" branch-rate="1.0" complexity="0.0">
					<methods>
						<method name="&lt;init&gt;" signature="(ILjava/lang/String;)V" line-rate="1.0" branch-rate="1.0">
							<lines>
								<line number="7" hits="173" branch="false"/>
								<line number="8" hits="173" branch="false"/>
								<line number="9" hits="173" branch="false"/>
								<line number="10" hits="173" branch="false"/>
							</lines>
						</method>
						<method name="getComment" signature="()Ljava/lang/String;" line-rate="1.0" branch-rate="1.0">
							<lines>
								<line number="17" hits="191" branch="false"/>
							</lines>
						</method>
						<method name="getRating" signature="()I" line-rate="1.0" branch-rate="1.0">
							<lines>
								<line number="13" hits="191" branch="false"/>
							</lines>
						</method>
					</methods>
					<lines>
						<line number="7" hits="173" branch="false"/>
						<line number="8" hits="173" branch="false"/>
						<line number="9" hits="173" branch="false"/>
						<line number="10" hits="173" branch="false"/>
						<line number="13" hits="191" branch="false"/>
						<line number="17" hits="191" branch="false"/>
					</lines>
				</class>
			</classes>
		</package>
		<package name="com.trailblazers.freewheelers.service" line-rate="1.0" branch-rate="1.0" complexity="0.0">
			<classes>
				<class name="com.trailblazers.freewheelers.service.AccountService" filename="com/trailblazers/freewheelers/service/AccountService.java" line-rate="1.0" branch-rate="1.0" complexity="0.0">
					<methods>
					</methods>
					<lines>
					</lines>
				</class>
				<class name="com.trailblazers.freewheelers.service.ItemService" filename="com/trailblazers/freewheelers/service/ItemService.java" line-rate="1.0" branch-rate="1.0" complexity="0.0">
					<methods>
					</methods>
					<lines>
					</lines>
				</class>
				<class name="com.trailblazers.freewheelers.service.ReserveOrderService" filename="com/trailblazers/freewheelers/service/ReserveOrderService.java" line-rate="1.0" branch-rate="1.0" complexity="0.0">
					<methods>
					</methods>
					<lines>
					</lines>
				</class>
				<class name="com.trailblazers.freewheelers.service.ServiceResult" filename="com/trailblazers/freewheelers/service/ServiceResult.java" line-rate="1.0" branch-rate="1.0" complexity="0.0">
					<methods>
						<method name="&lt;init&gt;" signature="(Ljava/util/Map;Ljava/lang/Object;)V" line-rate="1.0" branch-rate="1.0">
							<lines>
								<line number="9" hits="79" branch="false"/>
								<line number="11" hits="79" branch="false"/>
								<line number="12" hits="79" branch="false"/>
								<line number="13" hits="79" branch="false"/>
							</lines>
						</method>
						<method name="getErrors" signature="()Ljava/util/Map;" line-rate="1.0" branch-rate="1.0">
							<lines>
								<line number="16" hits="12" branch="false"/>
							</lines>
						</method>
						<method name="getModel" signature="()Ljava/lang/Object;" line-rate="1.0" branch-rate="1.0">
							<lines>
								<line number="24" hits="6" branch="false"/>
							</lines>
						</method>
						<method name="hasErrors" signature="()Z" line-rate="1.0" branch-rate="1.0">
							<lines>
								<line number="20" hits="48" branch="true" condition-coverage="100% (2/2)">
									<conditions>
										<condition number="0" type="jump" coverage="100%"/>
									</conditions>
								</line>
							</lines>
						</method>
					</methods>
					<lines>
						<line number="9" hits="79" branch="false"/>
						<line number="11" hits="79" branch="false"/>
						<line number="12" hits="79" branch="false"/>
						<line number="13" hits="79" branch="false"/>
						<line number="16" hits="12" branch="false"/>
						<line number="20" hits="48" branch="true" condition-coverage="100% (2/2)">
							<conditions>
								<condition number="0" type="jump" coverage="100%"/>
							</conditions>
						</line>
						<line number="24" hits="6" branch="false"/>
					</lines>
				</class>
				<class name="com.trailblazers.freewheelers.service.SurveyService" filename="com/trailblazers/freewheelers/service/SurveyService.java" line-rate="1.0" branch-rate="1.0" complexity="0.0">
					<methods>
						<method name="&lt;init&gt;" signature="()V" line-rate="1.0" branch-rate="1.0">
							<lines>
								<line number="20" hits="18" branch="false"/>
								<line number="21" hits="18" branch="false"/>
							</lines>
						</method>
						<method name="&lt;init&gt;" signature="(Lorg/apache/ibatis/session/SqlSession;)V" line-rate="1.0" branch-rate="1.0">
							<lines>
								<line number="23" hits="42" branch="false"/>
								<line number="24" hits="42" branch="false"/>
								<line number="25" hits="42" branch="false"/>
								<line number="26" hits="42" branch="false"/>
							</lines>
						</method>
						<method name="deleteAll" signature="()V" line-rate="1.0" branch-rate="1.0">
							<lines>
								<line number="38" hits="21" branch="false"/>
								<line number="39" hits="21" branch="false"/>
								<line number="40" hits="21" branch="false"/>
							</lines>
						</method>
						<method name="generateNpsReport" signature="()Lcom/trailblazers/freewheelers/model/NpsReport;" line-rate="1.0" branch-rate="1.0">
							<lines>
								<line number="34" hits="6" branch="false"/>
							</lines>
						</method>
						<method name="getSurveyComments" signature="()Lcom/trailblazers/freewheelers/model/SurveyComments;" line-rate="1.0" branch-rate="1.0">
							<lines>
								<line number="43" hits="6" branch="false"/>
								<line number="44" hits="6" branch="false"/>
								<line number="45" hits="6" branch="false"/>
								<line number="46" hits="6" branch="false"/>
							</lines>
						</method>
						<method name="submitSurvey" signature="(Ljava/lang/Long;Lcom/trailblazers/freewheelers/model/SurveyEntry;)V" line-rate="1.0" branch-rate="1.0">
							<lines>
								<line number="29" hits="26" branch="false"/>
								<line number="30" hits="26" branch="false"/>
								<line number="31" hits="26" branch="false"/>
							</lines>
						</method>
					</methods>
					<lines>
						<line number="20" hits="18" branch="false"/>
						<line number="21" hits="18" branch="false"/>
						<line number="23" hits="42" branch="false"/>
						<line number="24" hits="42" branch="false"/>
						<line number="25" hits="42" branch="false"/>
						<line number="26" hits="42" branch="false"/>
						<line number="29" hits="26" branch="false"/>
						<line number="30" hits="26" branch="false"/>
						<line number="31" hits="26" branch="false"/>
						<line number="34" hits="6" branch="false"/>
						<line number="38" hits="21" branch="false"/>
						<line number="39" hits="21" branch="false"/>
						<line number="40" hits="21" branch="false"/>
						<line number="43" hits="6" branch="false"/>
						<line number="44" hits="6" branch="false"/>
						<line number="45" hits="6" branch="false"/>
						<line number="46" hits="6" branch="false"/>
					</lines>
				</class>
			</classes>
		</package>
		<package name="com.trailblazers.freewheelers.service.impl" line-rate="0.43956043956043955" branch-rate="0.3333333333333333" complexity="0.0">
			<classes>
				<class name="com.trailblazers.freewheelers.service.impl.AccountServiceImpl" filename="com/trailblazers/freewheelers/service/impl/AccountServiceImpl.java" line-rate="0.6875" branch-rate="1.0" complexity="0.0">
					<methods>
						<method name="&lt;init&gt;" signature="()V" line-rate="1.0" branch-rate="1.0">
							<lines>
								<line number="29" hits="48" branch="false"/>
								<line number="30" hits="48" branch="false"/>
							</lines>
						</method>
						<method name="&lt;init&gt;" signature="(Lorg/apache/ibatis/session/SqlSession;)V" line-rate="1.0" branch-rate="1.0">
							<lines>
								<line number="32" hits="60" branch="false"/>
								<line number="33" hits="60" branch="false"/>
								<line number="34" hits="60" branch="false"/>
								<line number="35" hits="60" branch="false"/>
								<line number="36" hits="60" branch="false"/>
							</lines>
						</method>
						<method name="create" signature="(Lcom/trailblazers/freewheelers/model/Account;Ljava/lang/String;)V" line-rate="1.0" branch-rate="1.0">
							<lines>
								<line number="76" hits="47" branch="false"/>
								<line number="77" hits="47" branch="false"/>
								<line number="78" hits="47" branch="false"/>
								<line number="79" hits="47" branch="false"/>
							</lines>
						</method>
						<method name="createAccount" signature="(Lcom/trailblazers/freewheelers/model/Account;)Lcom/trailblazers/freewheelers/service/ServiceResult;" line-rate="1.0" branch-rate="1.0">
							<lines>
								<line number="66" hits="30" branch="false"/>
								<line number="68" hits="30" branch="true" condition-coverage="100% (2/2)">
									<conditions>
										<condition number="0" type="jump" coverage="100%"/>
									</conditions>
								</line>
								<line number="69" hits="24" branch="false"/>
								<line number="72" hits="30" branch="false"/>
							</lines>
						</method>
						<method name="createAdmin" signature="(Lcom/trailblazers/freewheelers/model/Account;)V" line-rate="1.0" branch-rate="1.0">
							<lines>
								<line number="61" hits="23" branch="false"/>
								<line number="62" hits="23" branch="false"/>
							</lines>
						</method>
						<method name="delete" signature="(Lcom/trailblazers/freewheelers/model/Account;)V" line-rate="1.0" branch-rate="1.0">
							<lines>
								<line number="55" hits="28" branch="false"/>
								<line number="56" hits="28" branch="false"/>
								<line number="57" hits="28" branch="false"/>
							</lines>
						</method>
						<method name="findAll" signature="()Ljava/util/List;" line-rate="0.0" branch-rate="1.0">
							<lines>
								<line number="40" hits="0" branch="false"/>
							</lines>
						</method>
						<method name="get" signature="(Ljava/lang/Long;)Lcom/trailblazers/freewheelers/model/Account;" line-rate="0.0" branch-rate="1.0">
							<lines>
								<line number="50" hits="0" branch="false"/>
							</lines>
						</method>
						<method name="getAccountIdByName" signature="(Ljava/lang/String;)Lcom/trailblazers/freewheelers/model/Account;" line-rate="1.0" branch-rate="1.0">
							<lines>
								<line number="45" hits="66" branch="false"/>
							</lines>
						</method>
						<method name="getCountryData" signature="()Ljava/util/ArrayList;" line-rate="0.0" branch-rate="1.0">
							<lines>
								<line number="88" hits="0" branch="false"/>
								<line number="89" hits="0" branch="false"/>
								<line number="90" hits="0" branch="false"/>
								<line number="91" hits="0" branch="false"/>
								<line number="92" hits="0" branch="false"/>
								<line number="93" hits="0" branch="false"/>
								<line number="94" hits="0" branch="false"/>
								<line number="96" hits="0" branch="false"/>
							</lines>
						</method>
						<method name="roleFor" signature="(Lcom/trailblazers/freewheelers/model/Account;Ljava/lang/String;)Lcom/trailblazers/freewheelers/model/AccountRole;" line-rate="1.0" branch-rate="1.0">
							<lines>
								<line number="82" hits="47" branch="false"/>
							</lines>
						</method>
					</methods>
					<lines>
						<line number="29" hits="48" branch="false"/>
						<line number="30" hits="48" branch="false"/>
						<line number="32" hits="60" branch="false"/>
						<line number="33" hits="60" branch="false"/>
						<line number="34" hits="60" branch="false"/>
						<line number="35" hits="60" branch="false"/>
						<line number="36" hits="60" branch="false"/>
						<line number="40" hits="0" branch="false"/>
						<line number="45" hits="66" branch="false"/>
						<line number="50" hits="0" branch="false"/>
						<line number="55" hits="28" branch="false"/>
						<line number="56" hits="28" branch="false"/>
						<line number="57" hits="28" branch="false"/>
						<line number="61" hits="23" branch="false"/>
						<line number="62" hits="23" branch="false"/>
						<line number="66" hits="30" branch="false"/>
						<line number="68" hits="30" branch="true" condition-coverage="100% (2/2)">
							<conditions>
								<condition number="0" type="jump" coverage="100%"/>
							</conditions>
						</line>
						<line number="69" hits="24" branch="false"/>
						<line number="72" hits="30" branch="false"/>
						<line number="76" hits="47" branch="false"/>
						<line number="77" hits="47" branch="false"/>
						<line number="78" hits="47" branch="false"/>
						<line number="79" hits="47" branch="false"/>
						<line number="82" hits="47" branch="false"/>
						<line number="88" hits="0" branch="false"/>
						<line number="89" hits="0" branch="false"/>
						<line number="90" hits="0" branch="false"/>
						<line number="91" hits="0" branch="false"/>
						<line number="92" hits="0" branch="false"/>
						<line number="93" hits="0" branch="false"/>
						<line number="94" hits="0" branch="false"/>
						<line number="96" hits="0" branch="false"/>
					</lines>
				</class>
				<class name="com.trailblazers.freewheelers.service.impl.ItemServiceImpl" filename="com/trailblazers/freewheelers/service/impl/ItemServiceImpl.java" line-rate="0.45" branch-rate="0.25" complexity="0.0">
					<methods>
						<method name="&lt;init&gt;" signature="()V" line-rate="1.0" branch-rate="1.0">
							<lines>
								<line number="20" hits="42" branch="false"/>
								<line number="21" hits="42" branch="false"/>
							</lines>
						</method>
						<method name="&lt;init&gt;" signature="(Lorg/apache/ibatis/session/SqlSession;)V" line-rate="1.0" branch-rate="1.0">
							<lines>
								<line number="23" hits="48" branch="false"/>
								<line number="24" hits="48" branch="false"/>
								<line number="25" hits="48" branch="false"/>
								<line number="26" hits="48" branch="false"/>
							</lines>
						</method>
						<method name="decreaseQuantityByOne" signature="(Lcom/trailblazers/freewheelers/model/Item;)V" line-rate="0.0" branch-rate="1.0">
							<lines>
								<line number="79" hits="0" branch="false"/>
								<line number="80" hits="0" branch="false"/>
								<line number="81" hits="0" branch="false"/>
								<line number="82" hits="0" branch="false"/>
							</lines>
						</method>
						<method name="delete" signature="(Lcom/trailblazers/freewheelers/model/Item;)V" line-rate="1.0" branch-rate="1.0">
							<lines>
								<line number="40" hits="10" branch="false"/>
								<line number="41" hits="10" branch="false"/>
								<line number="42" hits="10" branch="false"/>
							</lines>
						</method>
						<method name="deleteItems" signature="(Ljava/util/List;)V" line-rate="0.0" branch-rate="0.0">
							<lines>
								<line number="72" hits="0" branch="true" condition-coverage="0% (0/2)">
									<conditions>
										<condition number="0" type="jump" coverage="0%"/>
									</conditions>
								</line>
								<line number="73" hits="0" branch="false"/>
								<line number="74" hits="0" branch="false"/>
								<line number="75" hits="0" branch="false"/>
							</lines>
						</method>
						<method name="findAll" signature="()Ljava/util/List;" line-rate="0.0" branch-rate="1.0">
							<lines>
								<line number="46" hits="0" branch="false"/>
								<line number="47" hits="0" branch="false"/>
							</lines>
						</method>
						<method name="get" signature="(Ljava/lang/Long;)Lcom/trailblazers/freewheelers/model/Item;" line-rate="0.0" branch-rate="1.0">
							<lines>
								<line number="30" hits="0" branch="false"/>
							</lines>
						</method>
						<method name="getByName" signature="(Ljava/lang/String;)Lcom/trailblazers/freewheelers/model/Item;" line-rate="1.0" branch-rate="1.0">
							<lines>
								<line number="35" hits="59" branch="false"/>
							</lines>
						</method>
						<method name="getItemsWithNonZeroQuantity" signature="()Ljava/util/List;" line-rate="0.0" branch-rate="1.0">
							<lines>
								<line number="52" hits="0" branch="false"/>
								<line number="53" hits="0" branch="false"/>
							</lines>
						</method>
						<method name="insertOrUpdate" signature="(Lcom/trailblazers/freewheelers/model/Item;)V" line-rate="0.75" branch-rate="0.5">
							<lines>
								<line number="96" hits="13" branch="true" condition-coverage="50% (1/2)">
									<conditions>
										<condition number="0" type="jump" coverage="50%"/>
									</conditions>
								</line>
								<line number="97" hits="13" branch="false"/>
								<line number="99" hits="0" branch="false"/>
								<line number="101" hits="13" branch="false"/>
							</lines>
						</method>
						<method name="refreshItemList" signature="(Lcom/trailblazers/freewheelers/model/Item;)V" line-rate="0.0" branch-rate="1.0">
							<lines>
								<line number="66" hits="0" branch="false"/>
								<line number="67" hits="0" branch="false"/>
								<line number="68" hits="0" branch="false"/>
							</lines>
						</method>
						<method name="saveAll" signature="(Ljava/util/List;)V" line-rate="0.0" branch-rate="0.0">
							<lines>
								<line number="58" hits="0" branch="true" condition-coverage="0% (0/2)">
									<conditions>
										<condition number="0" type="jump" coverage="0%"/>
									</conditions>
								</line>
								<line number="59" hits="0" branch="false"/>
								<line number="60" hits="0" branch="false"/>
								<line number="61" hits="0" branch="false"/>
								<line number="62" hits="0" branch="false"/>
							</lines>
						</method>
						<method name="saveItem" signature="(Lcom/trailblazers/freewheelers/model/Item;)Lcom/trailblazers/freewheelers/service/ServiceResult;" line-rate="1.0" branch-rate="0.5">
							<lines>
								<line number="86" hits="13" branch="false"/>
								<line number="88" hits="13" branch="true" condition-coverage="50% (1/2)">
									<conditions>
										<condition number="0" type="jump" coverage="50%"/>
									</conditions>
								</line>
								<line number="89" hits="13" branch="false"/>
								<line number="90" hits="13" branch="false"/>
								<line number="92" hits="13" branch="false"/>
							</lines>
						</method>
					</methods>
					<lines>
						<line number="20" hits="42" branch="false"/>
						<line number="21" hits="42" branch="false"/>
						<line number="23" hits="48" branch="false"/>
						<line number="24" hits="48" branch="false"/>
						<line number="25" hits="48" branch="false"/>
						<line number="26" hits="48" branch="false"/>
						<line number="30" hits="0" branch="false"/>
						<line number="35" hits="59" branch="false"/>
						<line number="40" hits="10" branch="false"/>
						<line number="41" hits="10" branch="false"/>
						<line number="42" hits="10" branch="false"/>
						<line number="46" hits="0" branch="false"/>
						<line number="47" hits="0" branch="false"/>
						<line number="52" hits="0" branch="false"/>
						<line number="53" hits="0" branch="false"/>
						<line number="58" hits="0" branch="true" condition-coverage="0% (0/2)">
							<conditions>
								<condition number="0" type="jump" coverage="0%"/>
							</conditions>
						</line>
						<line number="59" hits="0" branch="false"/>
						<line number="60" hits="0" branch="false"/>
						<line number="61" hits="0" branch="false"/>
						<line number="62" hits="0" branch="false"/>
						<line number="66" hits="0" branch="false"/>
						<line number="67" hits="0" branch="false"/>
						<line number="68" hits="0" branch="false"/>
						<line number="72" hits="0" branch="true" condition-coverage="0% (0/2)">
							<conditions>
								<condition number="0" type="jump" coverage="0%"/>
							</conditions>
						</line>
						<line number="73" hits="0" branch="false"/>
						<line number="74" hits="0" branch="false"/>
						<line number="75" hits="0" branch="false"/>
						<line number="79" hits="0" branch="false"/>
						<line number="80" hits="0" branch="false"/>
						<line number="81" hits="0" branch="false"/>
						<line number="82" hits="0" branch="false"/>
						<line number="86" hits="13" branch="false"/>
						<line number="88" hits="13" branch="true" condition-coverage="50% (1/2)">
							<conditions>
								<condition number="0" type="jump" coverage="50%"/>
							</conditions>
						</line>
						<line number="89" hits="13" branch="false"/>
						<line number="90" hits="13" branch="false"/>
						<line number="92" hits="13" branch="false"/>
						<line number="96" hits="13" branch="true" condition-coverage="50% (1/2)">
							<conditions>
								<condition number="0" type="jump" coverage="50%"/>
							</conditions>
						</line>
						<line number="97" hits="13" branch="false"/>
						<line number="99" hits="0" branch="false"/>
						<line number="101" hits="13" branch="false"/>
					</lines>
				</class>
				<class name="com.trailblazers.freewheelers.service.impl.ReserveOrderServiceImpl" filename="com/trailblazers/freewheelers/service/impl/ReserveOrderServiceImpl.java" line-rate="0.0" branch-rate="0.0" complexity="0.0">
					<methods>
						<method name="&lt;init&gt;" signature="()V" line-rate="0.0" branch-rate="1.0">
							<lines>
								<line number="17" hits="0" branch="false"/>
								<line number="18" hits="0" branch="false"/>
								<line number="19" hits="0" branch="false"/>
								<line number="20" hits="0" branch="false"/>
							</lines>
						</method>
						<method name="findAllOrdersByAccountId" signature="(Ljava/lang/Long;)Ljava/util/List;" line-rate="0.0" branch-rate="1.0">
							<lines>
								<line number="32" hits="0" branch="false"/>
								<line number="33" hits="0" branch="false"/>
							</lines>
						</method>
						<method name="getAllOrdersByAccount" signature="()Ljava/util/List;" line-rate="0.0" branch-rate="1.0">
							<lines>
								<line number="37" hits="0" branch="false"/>
								<line number="38" hits="0" branch="false"/>
							</lines>
						</method>
						<method name="save" signature="(Lcom/trailblazers/freewheelers/model/ReserveOrder;)V" line-rate="0.0" branch-rate="0.0">
							<lines>
								<line number="23" hits="0" branch="true" condition-coverage="0% (0/2)">
									<conditions>
										<condition number="0" type="jump" coverage="0%"/>
									</conditions>
								</line>
								<line number="24" hits="0" branch="false"/>
								<line number="26" hits="0" branch="false"/>
								<line number="28" hits="0" branch="false"/>
								<line number="29" hits="0" branch="false"/>
							</lines>
						</method>
						<method name="updateOrderDetails" signature="(Ljava/lang/Long;Lcom/trailblazers/freewheelers/model/OrderStatus;Ljava/lang/String;)V" line-rate="0.0" branch-rate="1.0">
							<lines>
								<line number="42" hits="0" branch="false"/>
								<line number="44" hits="0" branch="false"/>
								<line number="45" hits="0" branch="false"/>
								<line number="47" hits="0" branch="false"/>
								<line number="48" hits="0" branch="false"/>
								<line number="49" hits="0" branch="false"/>
							</lines>
						</method>
					</methods>
					<lines>
						<line number="17" hits="0" branch="false"/>
						<line number="18" hits="0" branch="false"/>
						<line number="19" hits="0" branch="false"/>
						<line number="20" hits="0" branch="false"/>
						<line number="23" hits="0" branch="true" condition-coverage="0% (0/2)">
							<conditions>
								<condition number="0" type="jump" coverage="0%"/>
							</conditions>
						</line>
						<line number="24" hits="0" branch="false"/>
						<line number="26" hits="0" branch="false"/>
						<line number="28" hits="0" branch="false"/>
						<line number="29" hits="0" branch="false"/>
						<line number="32" hits="0" branch="false"/>
						<line number="33" hits="0" branch="false"/>
						<line number="37" hits="0" branch="false"/>
						<line number="38" hits="0" branch="false"/>
						<line number="42" hits="0" branch="false"/>
						<line number="44" hits="0" branch="false"/>
						<line number="45" hits="0" branch="false"/>
						<line number="47" hits="0" branch="false"/>
						<line number="48" hits="0" branch="false"/>
						<line number="49" hits="0" branch="false"/>
					</lines>
				</class>
			</classes>
		</package>
		<package name="com.trailblazers.freewheelers.web" line-rate="0.40119760479041916" branch-rate="0.5714285714285714" complexity="0.0">
			<classes>
				<class name="com.trailblazers.freewheelers.web.AccountController" filename="com/trailblazers/freewheelers/web/AccountController.java" line-rate="1.0" branch-rate="1.0" complexity="0.0">
					<methods>
						<method name="&lt;init&gt;" signature="()V" line-rate="1.0" branch-rate="1.0">
							<lines>
								<line number="25" hits="30" branch="false"/>
								<line number="26" hits="30" branch="false"/>
								<line number="27" hits="30" branch="false"/>
							</lines>
						</method>
						<method name="createAccountForm" signature="(Lorg/springframework/ui/Model;)Lorg/springframework/web/servlet/ModelAndView;" line-rate="1.0" branch-rate="1.0">
							<lines>
								<line number="31" hits="6" branch="false"/>
								<line number="32" hits="6" branch="false"/>
								<line number="33" hits="6" branch="false"/>
							</lines>
						</method>
						<method name="processCreate" signature="(Ljavax/servlet/http/HttpServletRequest;)Lorg/springframework/web/servlet/ModelAndView;" line-rate="1.0" branch-rate="1.0">
							<lines>
								<line number="38" hits="24" branch="false"/>
								<line number="39" hits="24" branch="false"/>
								<line number="40" hits="24" branch="false"/>
								<line number="41" hits="24" branch="false"/>
								<line number="43" hits="24" branch="false"/>
								<line number="51" hits="24" branch="false"/>
								<line number="53" hits="18" branch="true" condition-coverage="100% (2/2)">
									<conditions>
										<condition number="0" type="jump" coverage="100%"/>
									</conditions>
								</line>
								<line number="54" hits="6" branch="false"/>
								<line number="56" hits="6" branch="false"/>
								<line number="57" hits="12" branch="false"/>
								<line number="58" hits="12" branch="false"/>
							</lines>
						</method>
						<method name="showError" signature="()Lorg/springframework/web/servlet/ModelAndView;" line-rate="1.0" branch-rate="1.0">
							<lines>
								<line number="69" hits="12" branch="false"/>
							</lines>
						</method>
						<method name="showErrors" signature="(Ljava/util/Map;)Lorg/springframework/web/servlet/ModelAndView;" line-rate="1.0" branch-rate="1.0">
							<lines>
								<line number="63" hits="6" branch="false"/>
								<line number="64" hits="6" branch="false"/>
								<line number="65" hits="6" branch="false"/>
							</lines>
						</method>
						<method name="showSuccess" signature="(Lcom/trailblazers/freewheelers/model/Account;)Lorg/springframework/web/servlet/ModelAndView;" line-rate="1.0" branch-rate="1.0">
							<lines>
								<line number="73" hits="6" branch="false"/>
								<line number="74" hits="6" branch="false"/>
								<line number="75" hits="6" branch="false"/>
							</lines>
						</method>
					</methods>
					<lines>
						<line number="25" hits="30" branch="false"/>
						<line number="26" hits="30" branch="false"/>
						<line number="27" hits="30" branch="false"/>
						<line number="31" hits="6" branch="false"/>
						<line number="32" hits="6" branch="false"/>
						<line number="33" hits="6" branch="false"/>
						<line number="38" hits="24" branch="false"/>
						<line number="39" hits="24" branch="false"/>
						<line number="40" hits="24" branch="false"/>
						<line number="41" hits="24" branch="false"/>
						<line number="43" hits="24" branch="false"/>
						<line number="51" hits="24" branch="false"/>
						<line number="53" hits="18" branch="true" condition-coverage="100% (2/2)">
							<conditions>
								<condition number="0" type="jump" coverage="100%"/>
							</conditions>
						</line>
						<line number="54" hits="6" branch="false"/>
						<line number="56" hits="6" branch="false"/>
						<line number="57" hits="12" branch="false"/>
						<line number="58" hits="12" branch="false"/>
						<line number="63" hits="6" branch="false"/>
						<line number="64" hits="6" branch="false"/>
						<line number="65" hits="6" branch="false"/>
						<line number="69" hits="12" branch="false"/>
						<line number="73" hits="6" branch="false"/>
						<line number="74" hits="6" branch="false"/>
						<line number="75" hits="6" branch="false"/>
					</lines>
				</class>
				<class name="com.trailblazers.freewheelers.web.AdminController" filename="com/trailblazers/freewheelers/web/AdminController.java" line-rate="0.0" branch-rate="0.0" complexity="0.0">
					<methods>
						<method name="&lt;init&gt;" signature="()V" line-rate="0.0" branch-rate="1.0">
							<lines>
								<line number="24" hits="0" branch="false"/>
								<line number="28" hits="0" branch="false"/>
								<line number="30" hits="0" branch="false"/>
								<line number="31" hits="0" branch="false"/>
							</lines>
						</method>
						<method name="get" signature="(Lorg/springframework/ui/Model;)V" line-rate="0.0" branch-rate="1.0">
							<lines>
								<line number="35" hits="0" branch="false"/>
								<line number="36" hits="0" branch="false"/>
							</lines>
						</method>
						<method name="getAllOrders" signature="()Ljava/util/List;" line-rate="0.0" branch-rate="0.0">
							<lines>
								<line number="47" hits="0" branch="false"/>
								<line number="49" hits="0" branch="false"/>
								<line number="51" hits="0" branch="true" condition-coverage="0% (0/2)">
									<conditions>
										<condition number="0" type="jump" coverage="0%"/>
									</conditions>
								</line>
								<line number="52" hits="0" branch="false"/>
								<line number="53" hits="0" branch="false"/>
								<line number="55" hits="0" branch="false"/>
								<line number="62" hits="0" branch="false"/>
								<line number="63" hits="0" branch="false"/>
							</lines>
						</method>
						<method name="updateOrder" signature="(Lorg/springframework/ui/Model;Ljava/lang/String;Ljava/lang/String;Ljava/lang/String;)V" line-rate="0.0" branch-rate="1.0">
							<lines>
								<line number="40" hits="0" branch="false"/>
								<line number="41" hits="0" branch="false"/>
								<line number="42" hits="0" branch="false"/>
								<line number="43" hits="0" branch="false"/>
								<line number="44" hits="0" branch="false"/>
							</lines>
						</method>
					</methods>
					<lines>
						<line number="24" hits="0" branch="false"/>
						<line number="28" hits="0" branch="false"/>
						<line number="30" hits="0" branch="false"/>
						<line number="31" hits="0" branch="false"/>
						<line number="35" hits="0" branch="false"/>
						<line number="36" hits="0" branch="false"/>
						<line number="40" hits="0" branch="false"/>
						<line number="41" hits="0" branch="false"/>
						<line number="42" hits="0" branch="false"/>
						<line number="43" hits="0" branch="false"/>
						<line number="44" hits="0" branch="false"/>
						<line number="47" hits="0" branch="false"/>
						<line number="49" hits="0" branch="false"/>
						<line number="51" hits="0" branch="true" condition-coverage="0% (0/2)">
							<conditions>
								<condition number="0" type="jump" coverage="0%"/>
							</conditions>
						</line>
						<line number="52" hits="0" branch="false"/>
						<line number="53" hits="0" branch="false"/>
						<line number="55" hits="0" branch="false"/>
						<line number="62" hits="0" branch="false"/>
						<line number="63" hits="0" branch="false"/>
					</lines>
				</class>
				<class name="com.trailblazers.freewheelers.web.HomeController" filename="com/trailblazers/freewheelers/web/HomeController.java" line-rate="0.0" branch-rate="1.0" complexity="0.0">
					<methods>
						<method name="&lt;init&gt;" signature="()V" line-rate="0.0" branch-rate="1.0">
							<lines>
								<line number="14" hits="0" branch="false"/>
								<line number="16" hits="0" branch="false"/>
							</lines>
						</method>
						<method name="get" signature="(Lorg/springframework/ui/Model;Lcom/trailblazers/freewheelers/model/Item;)Ljava/lang/String;" line-rate="0.0" branch-rate="1.0">
							<lines>
								<line number="20" hits="0" branch="false"/>
								<line number="21" hits="0" branch="false"/>
							</lines>
						</method>
					</methods>
					<lines>
						<line number="14" hits="0" branch="false"/>
						<line number="16" hits="0" branch="false"/>
						<line number="20" hits="0" branch="false"/>
						<line number="21" hits="0" branch="false"/>
					</lines>
				</class>
				<class name="com.trailblazers.freewheelers.web.ItemController" filename="com/trailblazers/freewheelers/web/ItemController.java" line-rate="0.7777777777777778" branch-rate="1.0" complexity="0.0">
					<methods>
						<method name="&lt;init&gt;" signature="()V" line-rate="1.0" branch-rate="1.0">
							<lines>
								<line number="16" hits="24" branch="false"/>
								<line number="21" hits="24" branch="false"/>
							</lines>
						</method>
						<method name="deleteItem" signature="(Lcom/trailblazers/freewheelers/web/ItemGrid;)Ljava/lang/String;" line-rate="0.0" branch-rate="1.0">
							<lines>
								<line number="53" hits="0" branch="false"/>
								<line number="54" hits="0" branch="false"/>
							</lines>
						</method>
						<method name="get" signature="(Lorg/springframework/ui/Model;Lcom/trailblazers/freewheelers/model/Item;)Ljava/lang/String;" line-rate="1.0" branch-rate="1.0">
							<lines>
								<line number="25" hits="12" branch="false"/>
								<line number="26" hits="12" branch="false"/>
								<line number="27" hits="12" branch="false"/>
								<line number="28" hits="12" branch="false"/>
							</lines>
						</method>
						<method name="post" signature="(Lorg/springframework/ui/Model;Lcom/trailblazers/freewheelers/model/Item;)Ljava/lang/String;" line-rate="1.0" branch-rate="1.0">
							<lines>
								<line number="33" hits="12" branch="false"/>
								<line number="35" hits="12" branch="true" condition-coverage="100% (2/2)">
									<conditions>
										<condition number="0" type="jump" coverage="100%"/>
									</conditions>
								</line>
								<line number="36" hits="6" branch="false"/>
								<line number="37" hits="6" branch="false"/>
								<line number="38" hits="6" branch="false"/>
								<line number="39" hits="6" branch="false"/>
								<line number="40" hits="6" branch="false"/>
								<line number="42" hits="6" branch="false"/>
							</lines>
						</method>
						<method name="updateItem" signature="(Lcom/trailblazers/freewheelers/web/ItemGrid;)Ljava/lang/String;" line-rate="0.0" branch-rate="1.0">
							<lines>
								<line number="47" hits="0" branch="false"/>
								<line number="48" hits="0" branch="false"/>
							</lines>
						</method>
					</methods>
					<lines>
						<line number="16" hits="24" branch="false"/>
						<line number="21" hits="24" branch="false"/>
						<line number="25" hits="12" branch="false"/>
						<line number="26" hits="12" branch="false"/>
						<line number="27" hits="12" branch="false"/>
						<line number="28" hits="12" branch="false"/>
						<line number="33" hits="12" branch="false"/>
						<line number="35" hits="12" branch="true" condition-coverage="100% (2/2)">
							<conditions>
								<condition number="0" type="jump" coverage="100%"/>
							</conditions>
						</line>
						<line number="36" hits="6" branch="false"/>
						<line number="37" hits="6" branch="false"/>
						<line number="38" hits="6" branch="false"/>
						<line number="39" hits="6" branch="false"/>
						<line number="40" hits="6" branch="false"/>
						<line number="42" hits="6" branch="false"/>
						<line number="47" hits="0" branch="false"/>
						<line number="48" hits="0" branch="false"/>
						<line number="53" hits="0" branch="false"/>
						<line number="54" hits="0" branch="false"/>
					</lines>
				</class>
				<class name="com.trailblazers.freewheelers.web.ItemGrid" filename="com/trailblazers/freewheelers/web/ItemGrid.java" line-rate="0.75" branch-rate="1.0" complexity="0.0">
					<methods>
						<method name="&lt;init&gt;" signature="()V" line-rate="1.0" branch-rate="1.0">
							<lines>
								<line number="14" hits="48" branch="false"/>
								<line number="15" hits="48" branch="false"/>
								<line number="16" hits="48" branch="false"/>
							</lines>
						</method>
						<method name="&lt;init&gt;" signature="(Ljava/util/List;)V" line-rate="1.0" branch-rate="1.0">
							<lines>
								<line number="19" hits="42" branch="false"/>
								<line number="20" hits="42" branch="true" condition-coverage="100% (2/2)">
									<conditions>
										<condition number="0" type="jump" coverage="100%"/>
									</conditions>
								</line>
								<line number="21" hits="30" branch="false"/>
								<line number="23" hits="30" branch="false"/>
								<line number="24" hits="42" branch="false"/>
							</lines>
						</method>
						<method name="getItemMap" signature="()Ljava/util/Map;" line-rate="0.0" branch-rate="1.0">
							<lines>
								<line number="31" hits="0" branch="false"/>
							</lines>
						</method>
						<method name="getItems" signature="()Ljava/util/List;" line-rate="1.0" branch-rate="1.0">
							<lines>
								<line number="27" hits="30" branch="false"/>
							</lines>
						</method>
						<method name="setItemMap" signature="(Ljava/util/Map;)V" line-rate="0.0" branch-rate="1.0">
							<lines>
								<line number="35" hits="0" branch="false"/>
								<line number="36" hits="0" branch="false"/>
							</lines>
						</method>
					</methods>
					<lines>
						<line number="14" hits="48" branch="false"/>
						<line number="15" hits="48" branch="false"/>
						<line number="16" hits="48" branch="false"/>
						<line number="19" hits="42" branch="false"/>
						<line number="20" hits="42" branch="true" condition-coverage="100% (2/2)">
							<conditions>
								<condition number="0" type="jump" coverage="100%"/>
							</conditions>
						</line>
						<line number="21" hits="30" branch="false"/>
						<line number="23" hits="30" branch="false"/>
						<line number="24" hits="42" branch="false"/>
						<line number="27" hits="30" branch="false"/>
						<line number="31" hits="0" branch="false"/>
						<line number="35" hits="0" branch="false"/>
						<line number="36" hits="0" branch="false"/>
					</lines>
				</class>
				<class name="com.trailblazers.freewheelers.web.LoginController" filename="com/trailblazers/freewheelers/web/LoginController.java" line-rate="0.0" branch-rate="1.0" complexity="0.0">
					<methods>
						<method name="&lt;init&gt;" signature="()V" line-rate="0.0" branch-rate="1.0">
							<lines>
								<line number="9" hits="0" branch="false"/>
							</lines>
						</method>
						<method name="accessDenied" signature="()Ljava/lang/String;" line-rate="0.0" branch-rate="1.0">
							<lines>
								<line number="31" hits="0" branch="false"/>
							</lines>
						</method>
						<method name="login" signature="(Lorg/springframework/ui/Model;)Ljava/lang/String;" line-rate="0.0" branch-rate="1.0">
							<lines>
								<line number="13" hits="0" branch="false"/>
							</lines>
						</method>
						<method name="loginerror" signature="(Lorg/springframework/ui/Model;)Ljava/lang/String;" line-rate="0.0" branch-rate="1.0">
							<lines>
								<line number="18" hits="0" branch="false"/>
								<line number="19" hits="0" branch="false"/>
							</lines>
						</method>
						<method name="logout" signature="(Lorg/springframework/ui/Model;)Ljava/lang/String;" line-rate="0.0" branch-rate="1.0">
							<lines>
								<line number="25" hits="0" branch="false"/>
							</lines>
						</method>
					</methods>
					<lines>
						<line number="9" hits="0" branch="false"/>
						<line number="13" hits="0" branch="false"/>
						<line number="18" hits="0" branch="false"/>
						<line number="19" hits="0" branch="false"/>
						<line number="25" hits="0" branch="false"/>
						<line number="31" hits="0" branch="false"/>
					</lines>
				</class>
				<class name="com.trailblazers.freewheelers.web.ReserveController" filename="com/trailblazers/freewheelers/web/ReserveController.java" line-rate="0.0" branch-rate="1.0" complexity="0.0">
					<methods>
						<method name="&lt;init&gt;" signature="()V" line-rate="0.0" branch-rate="1.0">
							<lines>
								<line number="23" hits="0" branch="false"/>
								<line number="27" hits="0" branch="false"/>
								<line number="28" hits="0" branch="false"/>
								<line number="29" hits="0" branch="false"/>
							</lines>
						</method>
						<method name="get" signature="(Lorg/springframework/ui/Model;)V" line-rate="0.0" branch-rate="1.0">
							<lines>
								<line number="33" hits="0" branch="false"/>
							</lines>
						</method>
						<method name="reserveItem" signature="(Lorg/springframework/ui/Model;Ljava/security/Principal;Lcom/trailblazers/freewheelers/model/Item;)V" line-rate="0.0" branch-rate="1.0">
							<lines>
								<line number="38" hits="0" branch="false"/>
								<line number="39" hits="0" branch="false"/>
								<line number="40" hits="0" branch="false"/>
								<line number="41" hits="0" branch="false"/>
								<line number="43" hits="0" branch="false"/>
								<line number="45" hits="0" branch="false"/>
								<line number="46" hits="0" branch="false"/>
								<line number="48" hits="0" branch="false"/>
								<line number="49" hits="0" branch="false"/>
							</lines>
						</method>
					</methods>
					<lines>
						<line number="23" hits="0" branch="false"/>
						<line number="27" hits="0" branch="false"/>
						<line number="28" hits="0" branch="false"/>
						<line number="29" hits="0" branch="false"/>
						<line number="33" hits="0" branch="false"/>
						<line number="38" hits="0" branch="false"/>
						<line number="39" hits="0" branch="false"/>
						<line number="40" hits="0" branch="false"/>
						<line number="41" hits="0" branch="false"/>
						<line number="43" hits="0" branch="false"/>
						<line number="45" hits="0" branch="false"/>
						<line number="46" hits="0" branch="false"/>
						<line number="48" hits="0" branch="false"/>
						<line number="49" hits="0" branch="false"/>
					</lines>
				</class>
				<class name="com.trailblazers.freewheelers.web.ReservedOrderDetail" filename="com/trailblazers/freewheelers/web/ReservedOrderDetail.java" line-rate="0.0" branch-rate="1.0" complexity="0.0">
					<methods>
						<method name="&lt;init&gt;" signature="()V" line-rate="0.0" branch-rate="1.0">
							<lines>
								<line number="27" hits="0" branch="false"/>
								<line number="28" hits="0" branch="false"/>
							</lines>
						</method>
						<method name="&lt;init&gt;" signature="(Ljava/lang/Long;Lcom/trailblazers/freewheelers/model/Account;Lcom/trailblazers/freewheelers/model/Item;Ljava/util/Date;Lcom/trailblazers/freewheelers/model/OrderStatus;Ljava/lang/String;)V" line-rate="0.0" branch-rate="1.0">
							<lines>
								<line number="18" hits="0" branch="false"/>
								<line number="19" hits="0" branch="false"/>
								<line number="20" hits="0" branch="false"/>
								<line number="21" hits="0" branch="false"/>
								<line number="22" hits="0" branch="false"/>
								<line number="23" hits="0" branch="false"/>
								<line number="24" hits="0" branch="false"/>
								<line number="25" hits="0" branch="false"/>
							</lines>
						</method>
						<method name="getAccount" signature="()Lcom/trailblazers/freewheelers/model/Account;" line-rate="0.0" branch-rate="1.0">
							<lines>
								<line number="39" hits="0" branch="false"/>
							</lines>
						</method>
						<method name="getItem" signature="()Lcom/trailblazers/freewheelers/model/Item;" line-rate="0.0" branch-rate="1.0">
							<lines>
								<line number="31" hits="0" branch="false"/>
							</lines>
						</method>
						<method name="getNote" signature="()Ljava/lang/String;" line-rate="0.0" branch-rate="1.0">
							<lines>
								<line number="71" hits="0" branch="false"/>
							</lines>
						</method>
						<method name="getOrderId" signature="()Ljava/lang/Long;" line-rate="0.0" branch-rate="1.0">
							<lines>
								<line number="63" hits="0" branch="false"/>
							</lines>
						</method>
						<method name="getReserve_time" signature="()Ljava/util/Date;" line-rate="0.0" branch-rate="1.0">
							<lines>
								<line number="47" hits="0" branch="false"/>
							</lines>
						</method>
						<method name="getStatus" signature="()Lcom/trailblazers/freewheelers/model/OrderStatus;" line-rate="0.0" branch-rate="1.0">
							<lines>
								<line number="55" hits="0" branch="false"/>
							</lines>
						</method>
						<method name="getStatusOptions" signature="()[Lcom/trailblazers/freewheelers/model/OrderStatus;" line-rate="0.0" branch-rate="1.0">
							<lines>
								<line number="59" hits="0" branch="false"/>
							</lines>
						</method>
						<method name="setAccount" signature="(Lcom/trailblazers/freewheelers/model/Account;)V" line-rate="0.0" branch-rate="1.0">
							<lines>
								<line number="43" hits="0" branch="false"/>
								<line number="44" hits="0" branch="false"/>
							</lines>
						</method>
						<method name="setItem" signature="(Lcom/trailblazers/freewheelers/model/Item;)V" line-rate="0.0" branch-rate="1.0">
							<lines>
								<line number="35" hits="0" branch="false"/>
								<line number="36" hits="0" branch="false"/>
							</lines>
						</method>
						<method name="setNote" signature="(Ljava/lang/String;)V" line-rate="0.0" branch-rate="1.0">
							<lines>
								<line number="75" hits="0" branch="false"/>
								<line number="76" hits="0" branch="false"/>
							</lines>
						</method>
						<method name="setOrderId" signature="(Ljava/lang/Long;)V" line-rate="0.0" branch-rate="1.0">
							<lines>
								<line number="67" hits="0" branch="false"/>
								<line number="68" hits="0" branch="false"/>
							</lines>
						</method>
						<method name="setReserve_time" signature="(Ljava/util/Date;)V" line-rate="0.0" branch-rate="1.0">
							<lines>
								<line number="51" hits="0" branch="false"/>
								<line number="52" hits="0" branch="false"/>
							</lines>
						</method>
					</methods>
					<lines>
						<line number="18" hits="0" branch="false"/>
						<line number="19" hits="0" branch="false"/>
						<line number="20" hits="0" branch="false"/>
						<line number="21" hits="0" branch="false"/>
						<line number="22" hits="0" branch="false"/>
						<line number="23" hits="0" branch="false"/>
						<line number="24" hits="0" branch="false"/>
						<line number="25" hits="0" branch="false"/>
						<line number="27" hits="0" branch="false"/>
						<line number="28" hits="0" branch="false"/>
						<line number="31" hits="0" branch="false"/>
						<line number="35" hits="0" branch="false"/>
						<line number="36" hits="0" branch="false"/>
						<line number="39" hits="0" branch="false"/>
						<line number="43" hits="0" branch="false"/>
						<line number="44" hits="0" branch="false"/>
						<line number="47" hits="0" branch="false"/>
						<line number="51" hits="0" branch="false"/>
						<line number="52" hits="0" branch="false"/>
						<line number="55" hits="0" branch="false"/>
						<line number="59" hits="0" branch="false"/>
						<line number="63" hits="0" branch="false"/>
						<line number="67" hits="0" branch="false"/>
						<line number="68" hits="0" branch="false"/>
						<line number="71" hits="0" branch="false"/>
						<line number="75" hits="0" branch="false"/>
						<line number="76" hits="0" branch="false"/>
					</lines>
				</class>
				<class name="com.trailblazers.freewheelers.web.SurveyController" filename="com/trailblazers/freewheelers/web/SurveyController.java" line-rate="0.9523809523809523" branch-rate="1.0" complexity="0.0">
					<methods>
						<method name="&lt;init&gt;" signature="()V" line-rate="1.0" branch-rate="1.0">
							<lines>
								<line number="26" hits="24" branch="false"/>
							</lines>
						</method>
						<method name="get" signature="(Ljavax/servlet/http/HttpServletResponse;)Ljava/lang/String;" line-rate="1.0" branch-rate="1.0">
							<lines>
								<line number="42" hits="6" branch="false"/>
								<line number="43" hits="6" branch="false"/>
								<line number="44" hits="6" branch="false"/>
								<line number="45" hits="6" branch="false"/>
							</lines>
						</method>
						<method name="getReport" signature="()Lorg/springframework/web/servlet/ModelAndView;" line-rate="1.0" branch-rate="1.0">
							<lines>
								<line number="66" hits="6" branch="false"/>
								<line number="67" hits="6" branch="false"/>
								<line number="68" hits="6" branch="false"/>
								<line number="69" hits="6" branch="false"/>
								<line number="70" hits="6" branch="false"/>
								<line number="71" hits="6" branch="false"/>
							</lines>
						</method>
						<method name="getSurveyForm" signature="()Lcom/trailblazers/freewheelers/web/forms/SurveyEntryForm;" line-rate="0.0" branch-rate="1.0">
							<lines>
								<line number="37" hits="0" branch="false"/>
							</lines>
						</method>
						<method name="post" signature="(Ljava/security/Principal;Lcom/trailblazers/freewheelers/web/forms/SurveyEntryForm;Lorg/springframework/validation/BindingResult;)Lorg/springframework/web/servlet/ModelAndView;" line-rate="1.0" branch-rate="1.0">
							<lines>
								<line number="54" hits="12" branch="false"/>
								<line number="56" hits="12" branch="true" condition-coverage="100% (2/2)">
									<conditions>
										<condition number="0" type="jump" coverage="100%"/>
									</conditions>
								</line>
								<line number="57" hits="6" branch="false"/>
								<line number="59" hits="6" branch="false"/>
								<line number="60" hits="6" branch="false"/>
								<line number="61" hits="6" branch="false"/>
							</lines>
						</method>
						<method name="showValidationError" signature="()Lorg/springframework/web/servlet/ModelAndView;" line-rate="1.0" branch-rate="1.0">
							<lines>
								<line number="75" hits="6" branch="false"/>
								<line number="76" hits="6" branch="false"/>
								<line number="77" hits="6" branch="false"/>
							</lines>
						</method>
					</methods>
					<lines>
						<line number="26" hits="24" branch="false"/>
						<line number="37" hits="0" branch="false"/>
						<line number="42" hits="6" branch="false"/>
						<line number="43" hits="6" branch="false"/>
						<line number="44" hits="6" branch="false"/>
						<line number="45" hits="6" branch="false"/>
						<line number="54" hits="12" branch="false"/>
						<line number="56" hits="12" branch="true" condition-coverage="100% (2/2)">
							<conditions>
								<condition number="0" type="jump" coverage="100%"/>
							</conditions>
						</line>
						<line number="57" hits="6" branch="false"/>
						<line number="59" hits="6" branch="false"/>
						<line number="60" hits="6" branch="false"/>
						<line number="61" hits="6" branch="false"/>
						<line number="66" hits="6" branch="false"/>
						<line number="67" hits="6" branch="false"/>
						<line number="68" hits="6" branch="false"/>
						<line number="69" hits="6" branch="false"/>
						<line number="70" hits="6" branch="false"/>
						<line number="71" hits="6" branch="false"/>
						<line number="75" hits="6" branch="false"/>
						<line number="76" hits="6" branch="false"/>
						<line number="77" hits="6" branch="false"/>
					</lines>
				</class>
				<class name="com.trailblazers.freewheelers.web.UserProfileController" filename="com/trailblazers/freewheelers/web/UserProfileController.java" line-rate="0.0" branch-rate="0.0" complexity="0.0">
					<methods>
						<method name="&lt;init&gt;" signature="()V" line-rate="0.0" branch-rate="1.0">
							<lines>
								<line number="27" hits="0" branch="false"/>
								<line number="29" hits="0" branch="false"/>
								<line number="30" hits="0" branch="false"/>
								<line number="31" hits="0" branch="false"/>
							</lines>
						</method>
						<method name="decode" signature="(Ljava/lang/String;)Ljava/lang/String;" line-rate="0.0" branch-rate="1.0">
							<lines>
								<line number="53" hits="0" branch="false"/>
								<line number="54" hits="0" branch="false"/>
								<line number="55" hits="0" branch="false"/>
							</lines>
						</method>
						<method name="get" signature="(Ljava/lang/String;Lorg/springframework/ui/Model;Ljava/security/Principal;)Ljava/lang/String;" line-rate="0.0" branch-rate="0.0">
							<lines>
								<line number="36" hits="0" branch="true" condition-coverage="0% (0/2)">
									<conditions>
										<condition number="0" type="jump" coverage="0%"/>
									</conditions>
								</line>
								<line number="37" hits="0" branch="false"/>
								<line number="39" hits="0" branch="false"/>
								<line number="41" hits="0" branch="false"/>
								<line number="43" hits="0" branch="false"/>
								<line number="45" hits="0" branch="false"/>
								<line number="46" hits="0" branch="false"/>
								<line number="48" hits="0" branch="false"/>
							</lines>
						</method>
						<method name="get" signature="(Lorg/springframework/ui/Model;Ljava/security/Principal;)Ljava/lang/String;" line-rate="0.0" branch-rate="1.0">
							<lines>
								<line number="61" hits="0" branch="false"/>
							</lines>
						</method>
						<method name="getItemsOrderByUser" signature="(Lcom/trailblazers/freewheelers/model/Account;)Ljava/util/List;" line-rate="0.0" branch-rate="0.0">
							<lines>
								<line number="65" hits="0" branch="false"/>
								<line number="66" hits="0" branch="false"/>
								<line number="67" hits="0" branch="true" condition-coverage="0% (0/2)">
									<conditions>
										<condition number="0" type="jump" coverage="0%"/>
									</conditions>
								</line>
								<line number="68" hits="0" branch="false"/>
								<line number="69" hits="0" branch="false"/>
								<line number="70" hits="0" branch="false"/>
							</lines>
						</method>
					</methods>
					<lines>
						<line number="27" hits="0" branch="false"/>
						<line number="29" hits="0" branch="false"/>
						<line number="30" hits="0" branch="false"/>
						<line number="31" hits="0" branch="false"/>
						<line number="36" hits="0" branch="true" condition-coverage="0% (0/2)">
							<conditions>
								<condition number="0" type="jump" coverage="0%"/>
							</conditions>
						</line>
						<line number="37" hits="0" branch="false"/>
						<line number="39" hits="0" branch="false"/>
						<line number="41" hits="0" branch="false"/>
						<line number="43" hits="0" branch="false"/>
						<line number="45" hits="0" branch="false"/>
						<line number="46" hits="0" branch="false"/>
						<line number="48" hits="0" branch="false"/>
						<line number="53" hits="0" branch="false"/>
						<line number="54" hits="0" branch="false"/>
						<line number="55" hits="0" branch="false"/>
						<line number="61" hits="0" branch="false"/>
						<line number="65" hits="0" branch="false"/>
						<line number="66" hits="0" branch="false"/>
						<line number="67" hits="0" branch="true" condition-coverage="0% (0/2)">
							<conditions>
								<condition number="0" type="jump" coverage="0%"/>
							</conditions>
						</line>
						<line number="68" hits="0" branch="false"/>
						<line number="69" hits="0" branch="false"/>
						<line number="70" hits="0" branch="false"/>
					</lines>
				</class>
			</classes>
		</package>
		<package name="com.trailblazers.freewheelers.web.forms" line-rate="0.4166666666666667" branch-rate="1.0" complexity="0.0">
			<classes>
				<class name="com.trailblazers.freewheelers.web.forms.SurveyEntryForm" filename="com/trailblazers/freewheelers/web/forms/SurveyEntryForm.java" line-rate="0.4166666666666667" branch-rate="1.0" complexity="0.0">
					<methods>
						<method name="&lt;init&gt;" signature="()V" line-rate="0.0" branch-rate="1.0">
							<lines>
								<line number="15" hits="0" branch="false"/>
								<line number="16" hits="0" branch="false"/>
							</lines>
						</method>
						<method name="&lt;init&gt;" signature="(Ljava/lang/Integer;Ljava/lang/String;)V" line-rate="1.0" branch-rate="1.0">
							<lines>
								<line number="18" hits="12" branch="false"/>
								<line number="19" hits="12" branch="false"/>
								<line number="20" hits="12" branch="false"/>
								<line number="21" hits="12" branch="false"/>
							</lines>
						</method>
						<method name="getComment" signature="()Ljava/lang/String;" line-rate="0.0" branch-rate="1.0">
							<lines>
								<line number="32" hits="0" branch="false"/>
							</lines>
						</method>
						<method name="getRating" signature="()Ljava/lang/Integer;" line-rate="0.0" branch-rate="1.0">
							<lines>
								<line number="24" hits="0" branch="false"/>
							</lines>
						</method>
						<method name="setComment" signature="(Ljava/lang/String;)V" line-rate="0.0" branch-rate="1.0">
							<lines>
								<line number="35" hits="0" branch="false"/>
							</lines>
						</method>
						<method name="setRating" signature="(Ljava/lang/Integer;)V" line-rate="0.0" branch-rate="1.0">
							<lines>
								<line number="28" hits="0" branch="false"/>
								<line number="29" hits="0" branch="false"/>
							</lines>
						</method>
						<method name="surveyEntry" signature="()Lcom/trailblazers/freewheelers/model/SurveyEntry;" line-rate="1.0" branch-rate="1.0">
							<lines>
								<line number="38" hits="6" branch="false"/>
							</lines>
						</method>
					</methods>
					<lines>
						<line number="15" hits="0" branch="false"/>
						<line number="16" hits="0" branch="false"/>
						<line number="18" hits="12" branch="false"/>
						<line number="19" hits="12" branch="false"/>
						<line number="20" hits="12" branch="false"/>
						<line number="21" hits="12" branch="false"/>
						<line number="24" hits="0" branch="false"/>
						<line number="28" hits="0" branch="false"/>
						<line number="29" hits="0" branch="false"/>
						<line number="32" hits="0" branch="false"/>
						<line number="35" hits="0" branch="false"/>
						<line number="38" hits="6" branch="false"/>
					</lines>
				</class>
			</classes>
		</package>
	</packages>
</coverage>
